[debug] [2022-12-04T18:35:10.461Z] ----------------------------------------------------------------------
[debug] [2022-12-04T18:35:10.463Z] Command:       C:\Program Files\nodejs\node.exe C:\Users\Dhairya\AppData\Roaming\npm\node_modules\firebase-tools\lib\bin\firebase.js init
[debug] [2022-12-04T18:35:10.464Z] CLI Version:   11.16.1
[debug] [2022-12-04T18:35:10.464Z] Platform:      win32
[debug] [2022-12-04T18:35:10.464Z] Node Version:  v16.14.2
[debug] [2022-12-04T18:35:10.474Z] Time:          Mon Dec 05 2022 00:05:10 GMT+0530 (India Standard Time)
[debug] [2022-12-04T18:35:10.474Z] ----------------------------------------------------------------------
[debug] 
[debug] [2022-12-04T18:35:10.479Z] >>> [apiv2][query] GET https://firebase-public.firebaseio.com/cli.json [none]
[debug] [2022-12-04T18:35:10.505Z] > command requires scopes: ["email","openid","https://www.googleapis.com/auth/cloudplatformprojects.readonly","https://www.googleapis.com/auth/firebase","https://www.googleapis.com/auth/cloud-platform"]
[debug] [2022-12-04T18:35:10.505Z] > authorizing via signed-in user (dharya.anchal@gmail.com)
[info] 
     ######## #### ########  ######## ########     ###     ######  ########
     ##        ##  ##     ## ##       ##     ##  ##   ##  ##       ##
     ######    ##  ########  ######   ########  #########  ######  ######
     ##        ##  ##    ##  ##       ##     ## ##     ##       ## ##
     ##       #### ##     ## ######## ########  ##     ##  ######  ########

You're about to initialize a Firebase project in this directory:

  C:\Users\Dhairya\Desktop\react\projects\todo-app

[debug] [2022-12-04T18:35:11.277Z] <<< [apiv2][status] GET https://firebase-public.firebaseio.com/cli.json 200
[debug] [2022-12-04T18:35:11.278Z] <<< [apiv2][body] GET https://firebase-public.firebaseio.com/cli.json {"cloudBuildErrorAfter":1594252800000,"cloudBuildWarnAfter":1590019200000,"defaultNode10After":1594252800000,"minVersion":"3.0.5","node8DeploysDisabledAfter":1613390400000,"node8RuntimeDisabledAfter":1615809600000,"node8WarnAfter":1600128000000}
[info] 
=== Project Setup
[info] 
[info] First, let's associate this project directory with a Firebase project.
[info] You can create multiple project aliases by running firebase use --add, 
[info] but for now we'll just set up a default project.
[info] 
[info] 
=== Hosting Setup
[info] 
[info] Your public directory is the folder (relative to your project directory) that
[info] will contain Hosting assets to be uploaded with firebase deploy. If you
[info] have a build process for your assets, use your build's output directory.
[info] 
